c:\users\paul\desktop\ubc\career\my projects\other\c++\probot\probot\release\controlgroup.obj
c:\users\paul\desktop\ubc\career\my projects\other\c++\probot\probot\release\scoutmanager.obj
c:\users\paul\desktop\ubc\career\my projects\other\c++\probot\probot\release\builditem.obj
c:\users\paul\desktop\ubc\career\my projects\other\c++\probot\probot\release\enemyunit.obj
c:\users\paul\desktop\ubc\career\my projects\other\c++\probot\probot\release\macromanager.obj
c:\users\paul\desktop\ubc\career\my projects\other\c++\probot\probot\release\buildminimax.obj
c:\users\paul\desktop\ubc\career\my projects\other\c++\probot\probot\release\micromanager.obj
c:\users\paul\desktop\ubc\career\my projects\other\c++\probot\probot\release\common.obj
c:\users\paul\desktop\ubc\career\my projects\other\c++\probot\probot\release\flag.obj
c:\users\paul\desktop\ubc\career\my projects\other\c++\probot\probot\release\gamemanager.obj
c:\users\paul\desktop\ubc\career\my projects\other\c++\probot\probot\release\combatutil.obj
c:\users\paul\desktop\ubc\career\my projects\other\c++\probot\probot\release\movementutil.obj
c:\users\paul\desktop\ubc\career\my projects\other\c++\probot\probot\release\unitmanager.obj
c:\users\paul\desktop\ubc\career\my projects\other\c++\probot\probot\release\debug.obj
c:\users\paul\desktop\ubc\career\my projects\other\c++\probot\probot\release\knowledgebank.obj
c:\users\paul\desktop\ubc\career\my projects\other\c++\probot\probot\release\dll.obj
c:\users\paul\desktop\ubc\career\my projects\other\c++\probot\probot\release\timer.obj
c:\users\paul\desktop\ubc\career\my projects\other\c++\probot\probot\release\workerutil.obj
c:\users\paul\desktop\ubc\career\my projects\other\c++\probot\probot\release\combatmanager.obj
c:\users\paul\desktop\ubc\career\my projects\other\c++\probot\probot\release\probotmodule.obj
c:\users\paul\desktop\ubc\career\my projects\other\c++\probot\probot\release\vc120.pdb
c:\users\paul\desktop\ubc\career\my projects\other\c++\probot\probot\release\unitbehaviour.obj
c:\users\paul\desktop\ubc\career\my projects\other\c++\probot\probot\release\techtree.obj
c:\users\paul\desktop\ubc\career\my projects\other\c++\probot\probot\release\unitstorage.obj
c:\users\paul\desktop\ubc\career\my projects\other\c++\probot\probot\vs\release\probot.lib
c:\program files\starcraft broodwar 1.16.1(r)\bwapi-data\ai\probot.dll
c:\program files\starcraft broodwar 1.16.1(r)\bwapi-data\ai\probot.pdb
c:\users\paul\desktop\ubc\career\my projects\other\c++\probot\probot\vs\release\probot.dll
c:\users\paul\desktop\ubc\career\my projects\other\c++\probot\probot\vs\release\probot.pdb
c:\program files\starcraft broodwar 1.16.1(r)\bwapi-data\ai\probot.lib
c:\program files\starcraft broodwar 1.16.1(r)\bwapi-data\ai\probot.exp
c:\users\paul\desktop\ubc\career\my projects\other\c++\probot\probot\release\probot.lib
c:\users\paul\desktop\ubc\career\my projects\other\c++\probot\probot\release\probot.exp
c:\users\paul\desktop\ubc\career\my projects\other\c++\probot\probot\release\probot.tlog\cl.command.1.tlog
c:\users\paul\desktop\ubc\career\my projects\other\c++\probot\probot\release\probot.tlog\cl.read.1.tlog
c:\users\paul\desktop\ubc\career\my projects\other\c++\probot\probot\release\probot.tlog\cl.write.1.tlog
c:\users\paul\desktop\ubc\career\my projects\other\c++\probot\probot\release\probot.tlog\lib-link.read.1.tlog
c:\users\paul\desktop\ubc\career\my projects\other\c++\probot\probot\release\probot.tlog\lib-link.write.1.tlog
c:\users\paul\desktop\ubc\career\my projects\other\c++\probot\probot\release\probot.tlog\lib.command.1.tlog
c:\users\paul\desktop\ubc\career\my projects\other\c++\probot\probot\release\probot.tlog\link.command.1.tlog
c:\users\paul\desktop\ubc\career\my projects\other\c++\probot\probot\release\probot.tlog\link.read.1.tlog
c:\users\paul\desktop\ubc\career\my projects\other\c++\probot\probot\release\probot.tlog\link.write.1.tlog
c:\users\paul\desktop\ubc\career\my projects\other\c++\probot\probot\release\probot.tlog\probot.write.1u.tlog
